warning: Warning Test
warning: Warning Test
warning: Warning Test
error: Error Test
fatal: Fatal Error Test
warning: Warning Test
warning: Warning Test
warning: Warning Test
warning: Warning Test
error: Error Test
fatal: Fatal Error Test
warning: Warning Test
error: Error Test
fatal: Fatal Error Test
warning: Warning Test
error: Error Test
fatal: Fatal Error Test
warning: Warning Test
error: Error Test
fatal: Fatal Error Test
warning: Warning Test
error: Error Test
fatal: Fatal Error Test
warning: Warning Test
error: Error Test
fatal: Fatal Error Test
warning: Warning Test
error: Error Test
fatal: Fatal Error Test
warning: Warning Test
error: Error Test
fatal: Fatal Error Test
warning: Warning Test
error: Error Test
fatal: Fatal Error Test
warning: Warning Test
error: Error Test
fatal: Fatal Error Test
warning: Warning Test
error: Error Test
fatal: Fatal Error Test
error: undefined
error: undefined
error: undefined
error: undefined
error: undefined
error: undefined
error: undefined
error: undefined
error: undefined {"name":"Error"}
error: undefined {"name":"Error"}
error: undefined {"name":"Error"}
error: undefined {"name":"Error"}
error: undefined {"name":"Error"}
error: undefined {"name":"Error"}
error: undefined {"name":"Error"}
error: undefined {"name":"Error"}
error: undefined {"name":"Error"}
error: undefined {"name":"Error"}
error: undefined {"name":"Error"}
error: undefined
error: undefined
error: undefined
error: undefined
error: undefined
error: undefined
error: undefined
error: undefined {"name":"Error"}
error: undefined {"name":"Error"}
error: undefined {"name":"Error"}
error: undefined {"name":"Error"}
error: undefined {"name":"Error"}
error: undefined {"name":"Error"}
error: undefined {"name":"Error"}
error: undefined {"name":"Error"}
error: undefined
error: undefined
error: undefined
error: undefined {"name":"Error"}
error: undefined {"name":"Error"}
error: undefined {"name":"Error"}
error: undefined {"name":"Error"}
error: undefined {"name":"Error"}
error: undefined
error: undefined
error: undefined {"name":"Error"}
error: undefined {"code":"ERR_HTTP_HEADERS_SENT"}
error: undefined {"code":"ERR_HTTP_HEADERS_SENT"}
error: undefined
error: undefined
error: undefined
error: undefined {"name":"Error"}
error: undefined {"name":"Error"}
error: undefined {"name":"Error"}
error: undefined {"name":"Error"}
error: undefined {"name":"Error"}
error: undefined {"name":"Error"}
error: undefined {"name":"Error"}
error: undefined {"name":"Error"}
error: undefined {"name":"Error"}
error: undefined {"name":"Error"}
error: undefined {"name":"Error"}
error: undefined
error: undefined {"name":"Error"}
error: undefined {"name":"Error"}
error: undefined
error: undefined {"name":"Error"}
error: undefined {"name":"Error"}
error: undefined
error: undefined
error: undefined
error: undefined
error: undefined {"name":"Error"}
error: undefined {"name":"Error"}
error: undefined
error: undefined
error: undefined
error: undefined {"name":"Error"}
error: undefined {"name":"Error"}
error: undefined {"name":"Error"}
error: undefined {"name":"Error"}
error: undefined
error: undefined
error: undefined
error: undefined
error: undefined
error: undefined
error: undefined
error: undefined
error: undefined
error: undefined
error: undefined
error: undefined
error: undefined
error: undefined
error: undefined
error: undefined
error: undefined
error: undefined {"name":"Error"}
error: undefined {"name":"Error"}
error: undefined
error: undefined
error: undefined
error: undefined
error: undefined
error: undefined
error: undefined
error: undefined
error: undefined
error: undefined
error: undefined
error: undefined
error: undefined
error: undefined
error: undefined
error: undefined
error: undefined
error: undefined
error: undefined
error: undefined
error: undefined
error: undefined
error: undefined
error: undefined
error: undefined
error: undefined
error: undefined
error: undefined
error: undefined
error: undefined
error: undefined
error: undefined
error: undefined
error: undefined
error: undefined
error: undefined
error: undefined {"name":"Error"}
